<?xml version="1.0" encoding="UTF-8"?>
<!-- Generated by org.testng.reporters.JUnitReportReporter -->
<testsuite hostname="DESKTOP-I7U672O" failures="0" tests="1" name="com.jenkinsproject.Demo3_Test" time="0.011" errors="0" timestamp="2023-01-21T08:51:13 IST" skipped="0">
  <testcase classname="com.jenkinsproject.Demo3_Test" name="Test3" time="0.011"/>
  <system-out/>
</testsuite> <!-- com.jenkinsproject.Demo3_Test -->
