<?xml version="1.0" encoding="UTF-8"?>
<!-- Generated by org.testng.reporters.JUnitReportReporter -->
<testsuite hostname="DESKTOP-I7U672O" failures="0" tests="1" name="com.jenkinsproject.Demo4_Test" time="0.024" errors="0" timestamp="2023-01-21T08:51:13 IST" skipped="0">
  <testcase classname="com.jenkinsproject.Demo4_Test" name="Test4" time="0.024"/>
  <system-out/>
</testsuite> <!-- com.jenkinsproject.Demo4_Test -->
