<?xml version="1.0" encoding="UTF-8"?>
<!-- Generated by org.testng.reporters.JUnitReportReporter -->
<testsuite hostname="DESKTOP-I7U672O" failures="0" tests="1" name="com.jenkinsproject.DemoTest" time="0.032" errors="0" timestamp="2023-01-23T10:12:36 IST" skipped="0">
  <testcase classname="com.jenkinsproject.DemoTest" name="Test7" time="0.032"/>
  <system-out/>
</testsuite> <!-- com.jenkinsproject.DemoTest -->
